<?xml version="1.0" encoding="UTF-8"?>
<!-- Generated by org.testng.reporters.JUnitReportReporter -->
<testsuite hostname="DESKTOP-N4QNP7L" failures="0" tests="1" name="com.rest.RunCucumberTest" time="2.460" errors="0" timestamp="2023-10-30T13:36:32 IST" skipped="0">
  <testcase classname="com.rest.RunCucumberTest" name="runScenario" time="2.460"/>
</testsuite> <!-- com.rest.RunCucumberTest -->
